Enter the your name for Github. e.g. Adam Sackfield
Enter the your Github username. e.g adampaulsackfield
Enter the your Github email.
Name your Github SSH_KEY: 'github' for instance.
=====================================================================================

Installing Xcode: Command-line-tools

=====================================================================================
=====================================================================================
             _______   _______   ______   _   _   _______   _____    ____    _   _  
     /\     |__   __| |__   __| |  ____| | \ | | |__   __| |_   _|  / __ \  | \ | | 
    /  \       | |       | |    | |__    |  \| |    | |      | |   | |  | | |  \| | 
   / /\ \      | |       | |    |  __|   | .   |    | |      | |   | |  | | | .   | 
  / ____ \     | |       | |    | |____  | |\  |    | |     _| |_  | |__| | | |\  | 
 /_/    \_\    |_|       |_|    |______| |_| \_|    |_|    |_____|  \____/  |_| \_| 
                                                                                    
        _____    ______    ____    _    _   _____   _____    ______   _____         
       |  __ \  |  ____|  / __ \  | |  | | |_   _| |  __ \  |  ____| |  __ \        
       | |__) | | |__    | |  | | | |  | |   | |   | |__) | | |__    | |  | |       
       |  _  /  |  __|   | |  | | | |  | |   | |   |  _  /  |  __|   | |  | |       
       | | \ \  | |____  | |__| | | |__| |  _| |_  | | \ \  | |____  | |__| |       
       |_|  \_\ |______|  \___\_\  \____/  |_____| |_|  \_\ |______| |_____/        
=====================================================================================

=====================================================================================

Wait for Xcode command-line-tools installation to complete before pressing enter

=====================================================================================
Press enter only when requirement is met=====================================================================================

Installing Homebrew

=====================================================================================
=====================================================================================

Installing Git

=====================================================================================
=====================================================================================

Installing Zsh

=====================================================================================
=====================================================================================

Installing Zsh Plugins: syntax-highlighting, autosuggestions

=====================================================================================
=====================================================================================

Install Zsh: Powerlevel10k Theme / Fonts

=====================================================================================
=====================================================================================

Downloading iTerm Dracula Theme

=====================================================================================
=====================================================================================

Installing Rosetta

=====================================================================================
=====================================================================================

Installing NVM and Node@16

=====================================================================================
=====================================================================================

Creating User Directories

=====================================================================================
=====================================================================================

Installing Brew Applications \n This will take some time, user password may be \n required by some apps.

=====================================================================================
=====================================================================================

Creating GitHub Keypair.

=====================================================================================
Generating public/private ed25519 key pair.
Your identification has been saved in /Users/adamsackfield/.ssh/temppr
Your public key has been saved in /Users/adamsackfield/.ssh/temppr.pub
The key fingerprint is:
SHA256:5GUOjvSWirgg6ZnRlvpGmn0w2bjV+g0GCW084owWjLY adam@adamsackfield.uk
The key's randomart image is:
+--[ED25519 256]--+
|                 |
|o   o            |
|.+ o =. o o      |
|. * +.o* *       |
| E o+oo S .      |
|...B.+.+         |
|+.*+* oo         |
|o+*= o. o        |
| =+.. .. .       |
+----[SHA256]-----+
=====================================================================================
             _______   _______   ______   _   _   _______   _____    ____    _   _  
     /\     |__   __| |__   __| |  ____| | \ | | |__   __| |_   _|  / __ \  | \ | | 
    /  \       | |       | |    | |__    |  \| |    | |      | |   | |  | | |  \| | 
   / /\ \      | |       | |    |  __|   | .   |    | |      | |   | |  | | | .   | 
  / ____ \     | |       | |    | |____  | |\  |    | |     _| |_  | |__| | | |\  | 
 /_/    \_\    |_|       |_|    |______| |_| \_|    |_|    |_____|  \____/  |_| \_| 
                                                                                    
        _____    ______    ____    _    _   _____   _____    ______   _____         
       |  __ \  |  ____|  / __ \  | |  | | |_   _| |  __ \  |  ____| |  __ \        
       | |__) | | |__    | |  | | | |  | |   | |   | |__) | | |__    | |  | |       
       |  _  /  |  __|   | |  | | | |  | |   | |   |  _  /  |  __|   | |  | |       
       | | \ \  | |____  | |__| | | |__| |  _| |_  | | \ \  | |____  | |__| |       
       |_|  \_\ |______|  \___\_\  \____/  |_____| |_|  \_\ |______| |_____/        
=====================================================================================

=====================================================================================

Public key will be on your clipboard, head to GitHub and add a new SSH Key, you can paste the key after adding a name.

=====================================================================================
Press enter only when requirement is met=====================================================================================

Cloning backup repo

=====================================================================================
Cloning into '/Users/adamsackfield/system-config'...
=====================================================================================
             _______   _______   ______   _   _   _______   _____    ____    _   _  
     /\     |__   __| |__   __| |  ____| | \ | | |__   __| |_   _|  / __ \  | \ | | 
    /  \       | |       | |    | |__    |  \| |    | |      | |   | |  | | |  \| | 
   / /\ \      | |       | |    |  __|   | .   |    | |      | |   | |  | | | .   | 
  / ____ \     | |       | |    | |____  | |\  |    | |     _| |_  | |__| | | |\  | 
 /_/    \_\    |_|       |_|    |______| |_| \_|    |_|    |_____|  \____/  |_| \_| 
                                                                                    
        _____    ______    ____    _    _   _____   _____    ______   _____         
       |  __ \  |  ____|  / __ \  | |  | | |_   _| |  __ \  |  ____| |  __ \        
       | |__) | | |__    | |  | | | |  | |   | |   | |__) | | |__    | |  | |       
       |  _  /  |  __|   | |  | | | |  | |   | |   |  _  /  |  __|   | |  | |       
       | | \ \  | |____  | |__| | | |__| |  _| |_  | | \ \  | |____  | |__| |       
       |_|  \_\ |______|  \___\_\  \____/  |_____| |_|  \_\ |______| |_____/        
=====================================================================================

=====================================================================================

VSCode will launch to trigger directory creation. Please close (VSCode) before pressing enter

=====================================================================================
Press enter only when requirement is met=====================================================================================

Configuring VSCode: Keybindings

=====================================================================================
=====================================================================================

Configuring VSCode: Settings

=====================================================================================
=====================================================================================

Configuring VSCode: Installing Extensions

=====================================================================================
=====================================================================================

Configuring VSCode: Snippets

=====================================================================================
=====================================================================================

Restoring Scripts from Backup

=====================================================================================
=====================================================================================

Scheduling Backup

=====================================================================================
=====================================================================================
             _______   _______   ______   _   _   _______   _____    ____    _   _  
     /\     |__   __| |__   __| |  ____| | \ | | |__   __| |_   _|  / __ \  | \ | | 
    /  \       | |       | |    | |__    |  \| |    | |      | |   | |  | | |  \| | 
   / /\ \      | |       | |    |  __|   | .   |    | |      | |   | |  | | | .   | 
  / ____ \     | |       | |    | |____  | |\  |    | |     _| |_  | |__| | | |\  | 
 /_/    \_\    |_|       |_|    |______| |_| \_|    |_|    |_____|  \____/  |_| \_| 
                                                                                    
        _____    ______    ____    _    _   _____   _____    ______   _____         
       |  __ \  |  ____|  / __ \  | |  | | |_   _| |  __ \  |  ____| |  __ \        
       | |__) | | |__    | |  | | | |  | |   | |   | |__) | | |__    | |  | |       
       |  _  /  |  __|   | |  | | | |  | |   | |   |  _  /  |  __|   | |  | |       
       | | \ \  | |____  | |__| | | |__| |  _| |_  | | \ \  | |____  | |__| |       
       |_|  \_\ |______|  \___\_\  \____/  |_____| |_|  \_\ |______| |_____/        
=====================================================================================

=====================================================================================

Crontab job for backups should be copied to the clipboard, after pressing enter VIM will launch, paster and then press :qw and return

=====================================================================================
Press enter only when requirement is met